[2019-06-27 09:51:07.357] [exthost] [info] extension host started
[2019-06-27 09:51:07.378] [exthost] [info] ExtensionService#_doActivateExtension vscode.debug-auto-launch {"startup":true,"activationEvent":"*"}
[2019-06-27 09:51:07.378] [exthost] [info] ExtensionService#loadCommonJSModule /usr/share/code/resources/app/extensions/debug-auto-launch/dist/extension
[2019-06-27 09:51:07.381] [exthost] [info] ExtensionService#_doActivateExtension vscode.emmet {"startup":true,"activationEvent":"*"}
[2019-06-27 09:51:07.381] [exthost] [info] ExtensionService#loadCommonJSModule /usr/share/code/resources/app/extensions/emmet/dist/extension
[2019-06-27 09:51:07.396] [exthost] [info] ExtensionService#_doActivateExtension vscode.git {"startup":true,"activationEvent":"*"}
[2019-06-27 09:51:07.396] [exthost] [info] ExtensionService#loadCommonJSModule /usr/share/code/resources/app/extensions/git/dist/main
[2019-06-27 09:51:07.470] [exthost] [info] ExtensionService#_doActivateExtension vscode.merge-conflict {"startup":true,"activationEvent":"*"}
[2019-06-27 09:51:07.470] [exthost] [info] ExtensionService#loadCommonJSModule /usr/share/code/resources/app/extensions/merge-conflict/dist/extension
[2019-06-27 09:51:07.475] [exthost] [info] ExtensionService#_doActivateExtension EditorConfig.EditorConfig {"startup":true,"activationEvent":"*"}
[2019-06-27 09:51:07.475] [exthost] [info] ExtensionService#loadCommonJSModule /home/software/.vscode/extensions/editorconfig.editorconfig-0.13.0/out/src/editorConfigMain
[2019-06-27 09:51:07.496] [exthost] [info] ExtensionService#_doActivateExtension esbenp.prettier-vscode {"startup":true,"activationEvent":"*"}
[2019-06-27 09:51:07.496] [exthost] [info] ExtensionService#loadCommonJSModule /home/software/.vscode/extensions/esbenp.prettier-vscode-1.9.0/out/src/extension
[2019-06-27 09:51:07.626] [exthost] [info] ExtensionService#_doActivateExtension johnpapa.vscode-peacock {"startup":true,"activationEvent":"*"}
[2019-06-27 09:51:07.626] [exthost] [info] ExtensionService#loadCommonJSModule /home/software/.vscode/extensions/johnpapa.vscode-peacock-2.4.0/dist/extension
[2019-06-27 09:51:07.632] [exthost] [info] ExtensionService#_doActivateExtension nrwl.angular-console {"startup":true,"activationEvent":"*"}
[2019-06-27 09:51:07.632] [exthost] [info] ExtensionService#loadCommonJSModule /home/software/.vscode/extensions/nrwl.angular-console-8.0.5/main.js
[2019-06-27 09:51:07.668] [exthost] [info] ExtensionService#_doActivateExtension PKief.material-icon-theme {"startup":true,"activationEvent":"*"}
[2019-06-27 09:51:07.668] [exthost] [info] ExtensionService#loadCommonJSModule /home/software/.vscode/extensions/pkief.material-icon-theme-3.8.0/dist/extension
[2019-06-27 09:51:07.681] [exthost] [info] eager extensions activated
[2019-06-27 09:51:46.855] [exthost] [info] extension host started
[2019-06-27 09:51:46.868] [exthost] [info] ExtensionService#_doActivateExtension vscode.debug-auto-launch {"startup":true,"activationEvent":"*"}
[2019-06-27 09:51:46.868] [exthost] [info] ExtensionService#loadCommonJSModule /usr/share/code/resources/app/extensions/debug-auto-launch/dist/extension
[2019-06-27 09:51:46.870] [exthost] [info] ExtensionService#_doActivateExtension vscode.emmet {"startup":true,"activationEvent":"*"}
[2019-06-27 09:51:46.870] [exthost] [info] ExtensionService#loadCommonJSModule /usr/share/code/resources/app/extensions/emmet/dist/extension
[2019-06-27 09:51:46.884] [exthost] [info] ExtensionService#_doActivateExtension vscode.git {"startup":true,"activationEvent":"*"}
[2019-06-27 09:51:46.884] [exthost] [info] ExtensionService#loadCommonJSModule /usr/share/code/resources/app/extensions/git/dist/main
[2019-06-27 09:51:46.958] [exthost] [info] ExtensionService#_doActivateExtension vscode.merge-conflict {"startup":true,"activationEvent":"*"}
[2019-06-27 09:51:46.958] [exthost] [info] ExtensionService#loadCommonJSModule /usr/share/code/resources/app/extensions/merge-conflict/dist/extension
[2019-06-27 09:51:46.962] [exthost] [info] ExtensionService#_doActivateExtension EditorConfig.EditorConfig {"startup":true,"activationEvent":"*"}
[2019-06-27 09:51:46.962] [exthost] [info] ExtensionService#loadCommonJSModule /home/software/.vscode/extensions/editorconfig.editorconfig-0.13.0/out/src/editorConfigMain
[2019-06-27 09:51:46.981] [exthost] [info] ExtensionService#_doActivateExtension esbenp.prettier-vscode {"startup":true,"activationEvent":"*"}
[2019-06-27 09:51:46.981] [exthost] [info] ExtensionService#loadCommonJSModule /home/software/.vscode/extensions/esbenp.prettier-vscode-1.9.0/out/src/extension
[2019-06-27 09:51:47.121] [exthost] [info] ExtensionService#_doActivateExtension johnpapa.vscode-peacock {"startup":true,"activationEvent":"*"}
[2019-06-27 09:51:47.121] [exthost] [info] ExtensionService#loadCommonJSModule /home/software/.vscode/extensions/johnpapa.vscode-peacock-2.4.0/dist/extension
[2019-06-27 09:51:47.128] [exthost] [info] ExtensionService#_doActivateExtension nrwl.angular-console {"startup":true,"activationEvent":"*"}
[2019-06-27 09:51:47.128] [exthost] [info] ExtensionService#loadCommonJSModule /home/software/.vscode/extensions/nrwl.angular-console-8.0.5/main.js
[2019-06-27 09:51:47.164] [exthost] [info] ExtensionService#_doActivateExtension PKief.material-icon-theme {"startup":true,"activationEvent":"*"}
[2019-06-27 09:51:47.164] [exthost] [info] ExtensionService#loadCommonJSModule /home/software/.vscode/extensions/pkief.material-icon-theme-3.8.0/dist/extension
[2019-06-27 09:51:47.178] [exthost] [info] eager extensions activated
[2019-06-27 09:52:26.290] [exthost] [info] ExtensionService#_doActivateExtension vscode.configuration-editing {"startup":false,"activationEvent":"onLanguage:jsonc"}
[2019-06-27 09:52:26.290] [exthost] [info] ExtensionService#loadCommonJSModule /usr/share/code/resources/app/extensions/configuration-editing/dist/extension
[2019-06-27 09:52:26.297] [exthost] [info] ExtensionService#_doActivateExtension vscode.json-language-features {"startup":false,"activationEvent":"onLanguage:jsonc"}
[2019-06-27 09:52:26.297] [exthost] [info] ExtensionService#loadCommonJSModule /usr/share/code/resources/app/extensions/json-language-features/client/dist/jsonMain
[2019-06-27 09:52:26.354] [exthost] [info] ExtensionService#_doActivateExtension vscode.typescript-language-features {"startup":false,"activationEvent":"onLanguage:jsonc"}
[2019-06-27 09:52:26.354] [exthost] [info] ExtensionService#loadCommonJSModule /usr/share/code/resources/app/extensions/typescript-language-features/dist/extension
[2019-06-27 09:52:52.097] [exthost] [info] ExtensionService#_doActivateExtension vscode.extension-editing {"startup":false,"activationEvent":"onLanguage:typescript"}
[2019-06-27 09:52:52.097] [exthost] [info] ExtensionService#loadCommonJSModule /usr/share/code/resources/app/extensions/extension-editing/dist/extension
[2019-06-27 09:52:52.160] [exthost] [info] ExtensionService#_doActivateExtension Angular.ng-template {"startup":false,"activationEvent":"onLanguage:typescript"}
[2019-06-27 09:52:52.160] [exthost] [info] ExtensionService#loadCommonJSModule /home/software/.vscode/extensions/angular.ng-template-0.800.0/out/extension
[2019-06-27 09:52:52.414] [exthost] [info] ExtensionService#_doActivateExtension ms-vscode.vscode-typescript-tslint-plugin {"startup":false,"activationEvent":"onLanguage:typescript"}
[2019-06-27 09:52:52.414] [exthost] [info] ExtensionService#loadCommonJSModule /home/software/.vscode/extensions/ms-vscode.vscode-typescript-tslint-plugin-1.2.1/out/index.js
[2019-06-27 09:52:52.421] [exthost] [info] ExtensionService#_doActivateExtension natewallace.angular2-inline {"startup":false,"activationEvent":"onLanguage:typescript"}
[2019-06-27 09:52:52.421] [exthost] [info] ExtensionService#loadCommonJSModule /home/software/.vscode/extensions/natewallace.angular2-inline-0.0.17/src/main
