[2019-06-27 09:33:54.456] [exthost] [info] extension host started
[2019-06-27 09:33:54.476] [exthost] [info] ExtensionService#_doActivateExtension vscode.debug-auto-launch {"startup":true,"activationEvent":"*"}
[2019-06-27 09:33:54.476] [exthost] [info] ExtensionService#loadCommonJSModule /usr/share/code/resources/app/extensions/debug-auto-launch/dist/extension
[2019-06-27 09:33:54.479] [exthost] [info] ExtensionService#_doActivateExtension vscode.emmet {"startup":true,"activationEvent":"*"}
[2019-06-27 09:33:54.479] [exthost] [info] ExtensionService#loadCommonJSModule /usr/share/code/resources/app/extensions/emmet/dist/extension
[2019-06-27 09:33:54.494] [exthost] [info] ExtensionService#_doActivateExtension vscode.git {"startup":true,"activationEvent":"*"}
[2019-06-27 09:33:54.494] [exthost] [info] ExtensionService#loadCommonJSModule /usr/share/code/resources/app/extensions/git/dist/main
[2019-06-27 09:33:54.579] [exthost] [info] ExtensionService#_doActivateExtension vscode.merge-conflict {"startup":true,"activationEvent":"*"}
[2019-06-27 09:33:54.579] [exthost] [info] ExtensionService#loadCommonJSModule /usr/share/code/resources/app/extensions/merge-conflict/dist/extension
[2019-06-27 09:33:54.585] [exthost] [info] ExtensionService#_doActivateExtension EditorConfig.EditorConfig {"startup":true,"activationEvent":"*"}
[2019-06-27 09:33:54.585] [exthost] [info] ExtensionService#loadCommonJSModule /home/software/.vscode/extensions/editorconfig.editorconfig-0.13.0/out/src/editorConfigMain
[2019-06-27 09:33:54.608] [exthost] [info] ExtensionService#_doActivateExtension esbenp.prettier-vscode {"startup":true,"activationEvent":"*"}
[2019-06-27 09:33:54.608] [exthost] [info] ExtensionService#loadCommonJSModule /home/software/.vscode/extensions/esbenp.prettier-vscode-1.9.0/out/src/extension
[2019-06-27 09:33:54.735] [exthost] [info] ExtensionService#_doActivateExtension johnpapa.vscode-peacock {"startup":true,"activationEvent":"*"}
[2019-06-27 09:33:54.735] [exthost] [info] ExtensionService#loadCommonJSModule /home/software/.vscode/extensions/johnpapa.vscode-peacock-2.4.0/dist/extension
[2019-06-27 09:33:54.742] [exthost] [info] ExtensionService#_doActivateExtension nrwl.angular-console {"startup":true,"activationEvent":"*"}
[2019-06-27 09:33:54.742] [exthost] [info] ExtensionService#loadCommonJSModule /home/software/.vscode/extensions/nrwl.angular-console-8.0.5/main.js
[2019-06-27 09:33:54.779] [exthost] [info] ExtensionService#_doActivateExtension PKief.material-icon-theme {"startup":true,"activationEvent":"*"}
[2019-06-27 09:33:54.779] [exthost] [info] ExtensionService#loadCommonJSModule /home/software/.vscode/extensions/pkief.material-icon-theme-3.8.0/dist/extension
[2019-06-27 09:33:54.796] [exthost] [info] eager extensions activated
[2019-06-27 09:33:54.912] [exthost] [info] ExtensionService#_doActivateExtension vscode.configuration-editing {"startup":false,"activationEvent":"onLanguage:jsonc"}
[2019-06-27 09:33:54.913] [exthost] [info] ExtensionService#loadCommonJSModule /usr/share/code/resources/app/extensions/configuration-editing/dist/extension
[2019-06-27 09:33:54.920] [exthost] [info] ExtensionService#_doActivateExtension vscode.json-language-features {"startup":false,"activationEvent":"onLanguage:jsonc"}
[2019-06-27 09:33:54.920] [exthost] [info] ExtensionService#loadCommonJSModule /usr/share/code/resources/app/extensions/json-language-features/client/dist/jsonMain
[2019-06-27 09:33:55.001] [exthost] [info] ExtensionService#_doActivateExtension vscode.typescript-language-features {"startup":false,"activationEvent":"onLanguage:jsonc"}
[2019-06-27 09:33:55.001] [exthost] [info] ExtensionService#loadCommonJSModule /usr/share/code/resources/app/extensions/typescript-language-features/dist/extension
