[2019-06-27 09:35:10.574] [exthost] [info] extension host started
[2019-06-27 09:35:10.590] [exthost] [info] ExtensionService#_doActivateExtension vscode.debug-auto-launch {"startup":true,"activationEvent":"*"}
[2019-06-27 09:35:10.590] [exthost] [info] ExtensionService#loadCommonJSModule /usr/share/code/resources/app/extensions/debug-auto-launch/dist/extension
[2019-06-27 09:35:10.593] [exthost] [info] ExtensionService#_doActivateExtension vscode.emmet {"startup":true,"activationEvent":"*"}
[2019-06-27 09:35:10.593] [exthost] [info] ExtensionService#loadCommonJSModule /usr/share/code/resources/app/extensions/emmet/dist/extension
[2019-06-27 09:35:10.608] [exthost] [info] ExtensionService#_doActivateExtension vscode.git {"startup":true,"activationEvent":"*"}
[2019-06-27 09:35:10.608] [exthost] [info] ExtensionService#loadCommonJSModule /usr/share/code/resources/app/extensions/git/dist/main
[2019-06-27 09:35:10.693] [exthost] [info] ExtensionService#_doActivateExtension vscode.merge-conflict {"startup":true,"activationEvent":"*"}
[2019-06-27 09:35:10.693] [exthost] [info] ExtensionService#loadCommonJSModule /usr/share/code/resources/app/extensions/merge-conflict/dist/extension
[2019-06-27 09:35:10.697] [exthost] [info] ExtensionService#_doActivateExtension EditorConfig.EditorConfig {"startup":true,"activationEvent":"*"}
[2019-06-27 09:35:10.697] [exthost] [info] ExtensionService#loadCommonJSModule /home/software/.vscode/extensions/editorconfig.editorconfig-0.13.0/out/src/editorConfigMain
[2019-06-27 09:35:10.717] [exthost] [info] ExtensionService#_doActivateExtension esbenp.prettier-vscode {"startup":true,"activationEvent":"*"}
[2019-06-27 09:35:10.717] [exthost] [info] ExtensionService#loadCommonJSModule /home/software/.vscode/extensions/esbenp.prettier-vscode-1.9.0/out/src/extension
[2019-06-27 09:35:10.843] [exthost] [info] ExtensionService#_doActivateExtension johnpapa.vscode-peacock {"startup":true,"activationEvent":"*"}
[2019-06-27 09:35:10.843] [exthost] [info] ExtensionService#loadCommonJSModule /home/software/.vscode/extensions/johnpapa.vscode-peacock-2.4.0/dist/extension
[2019-06-27 09:35:10.850] [exthost] [info] ExtensionService#_doActivateExtension nrwl.angular-console {"startup":true,"activationEvent":"*"}
[2019-06-27 09:35:10.850] [exthost] [info] ExtensionService#loadCommonJSModule /home/software/.vscode/extensions/nrwl.angular-console-8.0.5/main.js
[2019-06-27 09:35:10.889] [exthost] [info] ExtensionService#_doActivateExtension PKief.material-icon-theme {"startup":true,"activationEvent":"*"}
[2019-06-27 09:35:10.889] [exthost] [info] ExtensionService#loadCommonJSModule /home/software/.vscode/extensions/pkief.material-icon-theme-3.8.0/dist/extension
[2019-06-27 09:35:10.910] [exthost] [info] eager extensions activated
